<?xml version="1.0" encoding="UTF-8" ?>
<testsuite tests="1" failures="1" name="test.com.SellCar" time="18.919" errors="0" skipped="0">
  <properties>
    <property name="java.runtime.name" value="Java(TM) SE Runtime Environment"/>
    <property name="sun.boot.library.path" value="C:\Program Files\Java\jdk1.8.0_161\jre\bin"/>
    <property name="java.vm.version" value="25.161-b12"/>
    <property name="java.vm.vendor" value="Oracle Corporation"/>
    <property name="java.vendor.url" value="http://java.oracle.com/"/>
    <property name="path.separator" value=";"/>
    <property name="guice.disable.misplaced.annotation.check" value="true"/>
    <property name="java.vm.name" value="Java HotSpot(TM) 64-Bit Server VM"/>
    <property name="file.encoding.pkg" value="sun.io"/>
    <property name="user.script" value=""/>
    <property name="user.country" value="US"/>
    <property name="sun.java.launcher" value="SUN_STANDARD"/>
    <property name="sun.os.patch.level" value=""/>
    <property name="test" value="test.com.SellCar"/>
    <property name="java.vm.specification.name" value="Java Virtual Machine Specification"/>
    <property name="user.dir" value="C:\Users\shashi\Documents\NetBeansProjects\SellMyCar"/>
    <property name="java.runtime.version" value="1.8.0_161-b12"/>
    <property name="java.awt.graphicsenv" value="sun.awt.Win32GraphicsEnvironment"/>
    <property name="java.endorsed.dirs" value="C:\Program Files\Java\jdk1.8.0_161\jre\lib\endorsed"/>
    <property name="os.arch" value="amd64"/>
    <property name="java.io.tmpdir" value="C:\Users\shashi\AppData\Local\Temp\"/>
    <property name="line.separator" value="
"/>
    <property name="java.vm.specification.vendor" value="Oracle Corporation"/>
    <property name="user.variant" value=""/>
    <property name="os.name" value="Windows 10"/>
    <property name="maven.ext.class.path" value="C:\Program Files (x86)\NetBeans 8.2\java\maven-nblib\netbeans-eventspy.jar"/>
    <property name="classworlds.conf" value="C:\Program Files (x86)\NetBeans 8.2\java\maven\bin\m2.conf"/>
    <property name="sun.jnu.encoding" value="Cp1252"/>
    <property name="java.library.path" value="C:\Program Files\Java\jdk1.8.0_161\bin;C:\Windows\Sun\Java\bin;C:\Windows\system32;C:\Windows;C:\ProgramData\Oracle\Java\javapath;C:\Windows\system32;C:\Windows;C:\Windows\System32\Wbem;C:\Windows\System32\WindowsPowerShell\v1.0\;C:\Users\shashi\Downloads\apache-maven-3.5.2-bin\apache-maven-3.5.2\bin;C:\Program Files\Java\jdk1.8.0_161\bin;C:\Program Files\Git\cmd;C:\Users\shashi\AppData\Local\Microsoft\WindowsApps;;."/>
    <property name="java.specification.name" value="Java Platform API Specification"/>
    <property name="java.class.version" value="52.0"/>
    <property name="sun.management.compiler" value="HotSpot 64-Bit Tiered Compilers"/>
    <property name="os.version" value="10.0"/>
    <property name="user.home" value="C:\Users\shashi"/>
    <property name="user.timezone" value="America/Chicago"/>
    <property name="java.awt.printerjob" value="sun.awt.windows.WPrinterJob"/>
    <property name="java.specification.version" value="1.8"/>
    <property name="file.encoding" value="UTF-8"/>
    <property name="user.name" value="shashi"/>
    <property name="java.class.path" value="C:\Program Files (x86)\NetBeans 8.2\java\maven\boot\plexus-classworlds-2.4.jar"/>
    <property name="java.vm.specification.version" value="1.8"/>
    <property name="sun.arch.data.model" value="64"/>
    <property name="java.home" value="C:\Program Files\Java\jdk1.8.0_161\jre"/>
    <property name="sun.java.command" value="org.codehaus.plexus.classworlds.launcher.Launcher -Dtest=test.com.SellCar -Dmaven.ext.class.path=C:\Program Files (x86)\NetBeans 8.2\java\maven-nblib\netbeans-eventspy.jar -Dfile.encoding=UTF-8 surefire:test"/>
    <property name="java.specification.vendor" value="Oracle Corporation"/>
    <property name="user.language" value="en"/>
    <property name="awt.toolkit" value="sun.awt.windows.WToolkit"/>
    <property name="java.vm.info" value="mixed mode"/>
    <property name="java.version" value="1.8.0_161"/>
    <property name="java.ext.dirs" value="C:\Program Files\Java\jdk1.8.0_161\jre\lib\ext;C:\Windows\Sun\Java\lib\ext"/>
    <property name="sun.boot.class.path" value="C:\Program Files\Java\jdk1.8.0_161\jre\lib\resources.jar;C:\Program Files\Java\jdk1.8.0_161\jre\lib\rt.jar;C:\Program Files\Java\jdk1.8.0_161\jre\lib\sunrsasign.jar;C:\Program Files\Java\jdk1.8.0_161\jre\lib\jsse.jar;C:\Program Files\Java\jdk1.8.0_161\jre\lib\jce.jar;C:\Program Files\Java\jdk1.8.0_161\jre\lib\charsets.jar;C:\Program Files\Java\jdk1.8.0_161\jre\lib\jfr.jar;C:\Program Files\Java\jdk1.8.0_161\jre\classes"/>
    <property name="java.vendor" value="Oracle Corporation"/>
    <property name="maven.home" value="C:\Program Files (x86)\NetBeans 8.2\java\maven"/>
    <property name="file.separator" value="\"/>
    <property name="java.vendor.url.bug" value="http://bugreport.sun.com/bugreport/"/>
    <property name="sun.cpu.endian" value="little"/>
    <property name="sun.io.unicode.encoding" value="UnicodeLittle"/>
    <property name="sun.desktop" value="windows"/>
    <property name="sun.cpu.isalist" value="amd64"/>
  </properties>
  <testcase classname="test.com.SellCar" name="fillform" time="17.79">
    <failure message="Cannot locate element with text: BMW
For documentation on this error, please visit: http://seleniumhq.org/exceptions/no_such_element.html
Build info: version: &apos;3.10.0&apos;, revision: &apos;176b4a9&apos;, time: &apos;2018-03-02T19:03:16.397Z&apos;
System info: host: &apos;HARE-KRISHNA&apos;, ip: &apos;192.168.56.1&apos;, os.name: &apos;Windows 10&apos;, os.arch: &apos;amd64&apos;, os.version: &apos;10.0&apos;, java.version: &apos;1.8.0_161&apos;
Driver info: driver.version: unknown" type="org.openqa.selenium.NoSuchElementException">org.openqa.selenium.NoSuchElementException: Cannot locate element with text: BMW
For documentation on this error, please visit: http://seleniumhq.org/exceptions/no_such_element.html
Build info: version: &apos;3.10.0&apos;, revision: &apos;176b4a9&apos;, time: &apos;2018-03-02T19:03:16.397Z&apos;
System info: host: &apos;HARE-KRISHNA&apos;, ip: &apos;192.168.56.1&apos;, os.name: &apos;Windows 10&apos;, os.arch: &apos;amd64&apos;, os.version: &apos;10.0&apos;, java.version: &apos;1.8.0_161&apos;
Driver info: driver.version: unknown
	at org.openqa.selenium.support.ui.Select.selectByVisibleText(Select.java:151)
	at test.com.SellCar.fillform(SellCar.java:50)
</failure>
    <system-err>1523323584591	geckodriver	INFO	geckodriver 0.19.1
1523323584606	geckodriver	INFO	Listening on 127.0.0.1:4180
1523323590171	mozrunner::runner	INFO	Running command: &quot;C:\\Program Files\\Mozilla Firefox\\firefox.exe&quot; &quot;-marionette&quot; &quot;-profile&quot; &quot;C:\\Users\\shashi\\AppData\\Local\\Temp\\rust_mozprofile.XQ0Dx3rCcfei&quot;
1523323590667	addons.manager	DEBUG	Loaded provider scope for resource://gre/modules/addons/XPIProvider.jsm: [&quot;XPIProvider&quot;]
1523323590673	addons.manager	DEBUG	Loaded provider scope for resource://gre/modules/LightweightThemeManager.jsm: [&quot;LightweightThemeManager&quot;]
1523323590680	addons.manager	DEBUG	Loaded provider scope for resource://gre/modules/addons/GMPProvider.jsm
1523323590686	addons.manager	DEBUG	Loaded provider scope for resource://gre/modules/addons/PluginProvider.jsm
1523323590688	addons.manager	DEBUG	Starting provider: XPIProvider
1523323590690	addons.xpi	DEBUG	startup
1523323590692	addons.xpi	INFO	Mapping ciscowebexstart1@cisco.com to C:\Users\shashi\AppData\Local\Temp\rust_mozprofile.XQ0Dx3rCcfei\extensions\ciscowebexstart1@cisco.com.xpi
1523323590693	addons.xpi	INFO	SystemAddonInstallLocation directory is missing
1523323590693	addons.xpi	INFO	Mapping aushelper@mozilla.org to C:\Program Files\Mozilla Firefox\browser\features\aushelper@mozilla.org.xpi
1523323590693	addons.xpi	INFO	Mapping e10srollout@mozilla.org to C:\Program Files\Mozilla Firefox\browser\features\e10srollout@mozilla.org.xpi
1523323590694	addons.xpi	INFO	Mapping firefox@getpocket.com to C:\Program Files\Mozilla Firefox\browser\features\firefox@getpocket.com.xpi
1523323590695	addons.xpi	INFO	Mapping screenshots@mozilla.org to C:\Program Files\Mozilla Firefox\browser\features\screenshots@mozilla.org.xpi
1523323590695	addons.xpi	INFO	Mapping webcompat@mozilla.org to C:\Program Files\Mozilla Firefox\browser\features\webcompat@mozilla.org.xpi
1523323590697	addons.xpi	INFO	Mapping {972ce4c6-7e08-4474-a285-3208198ce6fd} to C:\Program Files\Mozilla Firefox\browser\extensions\{972ce4c6-7e08-4474-a285-3208198ce6fd}.xpi
1523323590698	addons.xpi	DEBUG	checkForChanges
1523323590702	addons.xpi	INFO	SystemAddonInstallLocation directory is missing
1523323590705	addons.xpi	DEBUG	Loaded add-on state from prefs: {&quot;app-profile&quot;:{&quot;ciscowebexstart1@cisco.com&quot;:{&quot;d&quot;:&quot;C:\\Users\\shashi\\AppData\\Roaming\\Mozilla\\Firefox\\Profiles\\z4lakrot.tester\\extensions\\ciscowebexstart1@cisco.com.xpi&quot;,&quot;e&quot;:true,&quot;v&quot;:&quot;1.0.13&quot;,&quot;st&quot;:1522802477643}},&quot;app-system-defaults&quot;:{&quot;aushelper@mozilla.org&quot;:{&quot;d&quot;:&quot;C:\\Program Files\\Mozilla Firefox\\browser\\features\\aushelper@mozilla.org.xpi&quot;,&quot;e&quot;:true,&quot;v&quot;:&quot;2.0&quot;,&quot;st&quot;:1496950078000},&quot;e10srollout@mozilla.org&quot;:{&quot;d&quot;:&quot;C:\\Program Files\\Mozilla Firefox\\browser\\features\\e10srollout@mozilla.org.xpi&quot;,&quot;e&quot;:true,&quot;v&quot;:&quot;1.50&quot;,&quot;st&quot;:1496950078000},&quot;firefox@getpocket.com&quot;:{&quot;d&quot;:&quot;C:\\Program Files\\Mozilla Firefox\\browser\\features\\firefox@getpocket.com.xpi&quot;,&quot;e&quot;:true,&quot;v&quot;:&quot;1.0.5&quot;,&quot;st&quot;:1496950079000},&quot;screenshots@mozilla.org&quot;:{&quot;d&quot;:&quot;C:\\Program Files\\Mozilla Firefox\\browser\\features\\screenshots@mozilla.org.xpi&quot;,&quot;e&quot;:true,&quot;v&quot;:&quot;6.6.0&quot;,&quot;st&quot;:1496950079000},&quot;webcompat@mozilla.org&quot;:{&quot;d&quot;:&quot;C:\\Program Files\\Mozilla Firefox\\browser\\features\\webcompat@mozilla.org.xpi&quot;,&quot;e&quot;:true,&quot;v&quot;:&quot;1.1&quot;,&quot;st&quot;:1496950078000}},&quot;app-global&quot;:{&quot;{972ce4c6-7e08-4474-a285-3208198ce6fd}&quot;:{&quot;d&quot;:&quot;C:\\Program Files\\Mozilla Firefox\\browser\\extensions\\{972ce4c6-7e08-4474-a285-3208198ce6fd}.xpi&quot;,&quot;e&quot;:true,&quot;v&quot;:&quot;54.0&quot;,&quot;st&quot;:1496950078000}}}
1523323590707	addons.xpi	DEBUG	getModTime: Recursive scan of ciscowebexstart1@cisco.com
1523323590708	addons.xpi	DEBUG	Changed add-on ciscowebexstart1@cisco.com in app-profile
1523323590711	addons.xpi	DEBUG	getModTime: Recursive scan of aushelper@mozilla.org
1523323590721	addons.xpi	DEBUG	Changed add-on aushelper@mozilla.org in app-system-defaults
1523323590723	addons.xpi	DEBUG	getModTime: Recursive scan of e10srollout@mozilla.org
1523323590724	addons.xpi	DEBUG	Changed add-on e10srollout@mozilla.org in app-system-defaults
1523323590725	addons.xpi	DEBUG	getModTime: Recursive scan of firefox@getpocket.com
1523323590726	addons.xpi	DEBUG	Changed add-on firefox@getpocket.com in app-system-defaults
1523323590727	addons.xpi	DEBUG	getModTime: Recursive scan of screenshots@mozilla.org
1523323590727	addons.xpi	DEBUG	Changed add-on screenshots@mozilla.org in app-system-defaults
1523323590728	addons.xpi	DEBUG	getModTime: Recursive scan of webcompat@mozilla.org
1523323590729	addons.xpi	DEBUG	Changed add-on webcompat@mozilla.org in app-system-defaults
1523323590731	addons.xpi	DEBUG	getModTime: Recursive scan of {972ce4c6-7e08-4474-a285-3208198ce6fd}
1523323590734	addons.xpi	DEBUG	Changed add-on {972ce4c6-7e08-4474-a285-3208198ce6fd} in app-global
1523323590735	addons.xpi	DEBUG	getInstallState changed: true, state: {&quot;app-profile&quot;:{&quot;ciscowebexstart1@cisco.com&quot;:{&quot;d&quot;:&quot;C:\\Users\\shashi\\AppData\\Local\\Temp\\rust_mozprofile.XQ0Dx3rCcfei\\extensions\\ciscowebexstart1@cisco.com.xpi&quot;,&quot;e&quot;:true,&quot;v&quot;:&quot;1.0.13&quot;,&quot;st&quot;:1523323589544}},&quot;app-system-defaults&quot;:{&quot;aushelper@mozilla.org&quot;:{&quot;d&quot;:&quot;C:\\Program Files\\Mozilla Firefox\\browser\\features\\aushelper@mozilla.org.xpi&quot;,&quot;e&quot;:true,&quot;v&quot;:&quot;2.0&quot;,&quot;st&quot;:1496950078000},&quot;e10srollout@mozilla.org&quot;:{&quot;d&quot;:&quot;C:\\Program Files\\Mozilla Firefox\\browser\\features\\e10srollout@mozilla.org.xpi&quot;,&quot;e&quot;:true,&quot;v&quot;:&quot;1.50&quot;,&quot;st&quot;:1496950078000},&quot;firefox@getpocket.com&quot;:{&quot;d&quot;:&quot;C:\\Program Files\\Mozilla Firefox\\browser\\features\\firefox@getpocket.com.xpi&quot;,&quot;e&quot;:true,&quot;v&quot;:&quot;1.0.5&quot;,&quot;st&quot;:1496950079000},&quot;screenshots@mozilla.org&quot;:{&quot;d&quot;:&quot;C:\\Program Files\\Mozilla Firefox\\browser\\features\\screenshots@mozilla.org.xpi&quot;,&quot;e&quot;:true,&quot;v&quot;:&quot;6.6.0&quot;,&quot;st&quot;:1496950079000},&quot;webcompat@mozilla.org&quot;:{&quot;d&quot;:&quot;C:\\Program Files\\Mozilla Firefox\\browser\\features\\webcompat@mozilla.org.xpi&quot;,&quot;e&quot;:true,&quot;v&quot;:&quot;1.1&quot;,&quot;st&quot;:1496950078000}},&quot;app-global&quot;:{&quot;{972ce4c6-7e08-4474-a285-3208198ce6fd}&quot;:{&quot;d&quot;:&quot;C:\\Program Files\\Mozilla Firefox\\browser\\extensions\\{972ce4c6-7e08-4474-a285-3208198ce6fd}.xpi&quot;,&quot;e&quot;:true,&quot;v&quot;:&quot;54.0&quot;,&quot;st&quot;:1496950078000}}}
1523323590779	addons.xpi-utils	DEBUG	Opening XPI database C:\Users\shashi\AppData\Local\Temp\rust_mozprofile.XQ0Dx3rCcfei\extensions.json
1523323590786	addons.xpi-utils	DEBUG	Successfully read XPI database
1523323590790	addons.xpi-utils	DEBUG	Add-on ciscowebexstart1@cisco.com modified in app-profile
*** Blocklist::_loadBlocklistFromFile: blocklist is disabled
1523323591023	DeferredSave.extensions.json	DEBUG	Save changes
1523323591025	DeferredSave.extensions.json	DEBUG	Save changes
1523323591027	addons.manager	DEBUG	Registering startup change &apos;changed&apos; for ciscowebexstart1@cisco.com
1523323591040	addons.xpi	DEBUG	Loading bootstrap scope from C:\Users\shashi\AppData\Roaming\Mozilla\Firefox\Profiles\z4lakrot.tester\extensions\ciscowebexstart1@cisco.com.xpi
1523323591044	addons.xpi	DEBUG	Calling bootstrap method uninstall on ciscowebexstart1@cisco.com version 1.0.13
1523323591046	addons.xpi	DEBUG	Loading bootstrap scope from C:\Users\shashi\AppData\Local\Temp\rust_mozprofile.XQ0Dx3rCcfei\extensions\ciscowebexstart1@cisco.com.xpi
1523323591050	addons.xpi	DEBUG	Calling bootstrap method install on ciscowebexstart1@cisco.com version 1.0.13
1523323591050	addons.xpi-utils	DEBUG	Make addon app-profile:ciscowebexstart1@cisco.com visible
1523323591056	DeferredSave.extensions.json	DEBUG	Save changes
1523323591057	addons.xpi-utils	DEBUG	Make addon app-system-defaults:aushelper@mozilla.org visible
1523323591058	DeferredSave.extensions.json	DEBUG	Save changes
1523323591058	addons.xpi-utils	DEBUG	Make addon app-system-defaults:e10srollout@mozilla.org visible
1523323591059	DeferredSave.extensions.json	DEBUG	Save changes
1523323591059	addons.xpi-utils	DEBUG	Make addon app-system-defaults:firefox@getpocket.com visible
1523323591060	DeferredSave.extensions.json	DEBUG	Save changes
1523323591061	addons.xpi-utils	DEBUG	Make addon app-system-defaults:screenshots@mozilla.org visible
1523323591062	DeferredSave.extensions.json	DEBUG	Save changes
1523323591064	addons.xpi-utils	DEBUG	Make addon app-system-defaults:webcompat@mozilla.org visible
1523323591066	DeferredSave.extensions.json	DEBUG	Save changes
1523323591067	addons.xpi-utils	DEBUG	Make addon app-global:{972ce4c6-7e08-4474-a285-3208198ce6fd} visible
1523323591068	DeferredSave.extensions.json	DEBUG	Save changes
1523323591069	addons.xpi	DEBUG	Updating XPIState for {&quot;id&quot;:&quot;ciscowebexstart1@cisco.com&quot;,&quot;syncGUID&quot;:&quot;{7badcff7-4c17-4669-baf2-b8a221a550bf}&quot;,&quot;location&quot;:&quot;app-profile&quot;,&quot;version&quot;:&quot;1.0.13&quot;,&quot;type&quot;:&quot;webextension&quot;,&quot;internalName&quot;:null,&quot;updateURL&quot;:null,&quot;updateKey&quot;:null,&quot;optionsURL&quot;:null,&quot;optionsType&quot;:null,&quot;aboutURL&quot;:null,&quot;icons&quot;:{&quot;16&quot;:&quot;icon16.png&quot;,&quot;48&quot;:&quot;icon48.png&quot;,&quot;128&quot;:&quot;icon128.png&quot;},&quot;iconURL&quot;:null,&quot;icon64URL&quot;:null,&quot;defaultLocale&quot;:{&quot;name&quot;:&quot;Cisco WebEx Extension&quot;,&quot;description&quot;:&quot;Join WebEx meetings using Firefox â„¢&quot;,&quot;creator&quot;:null,&quot;homepageURL&quot;:&quot;https://www.webex.com/&quot;,&quot;developers&quot;:null,&quot;translators&quot;:null,&quot;contributors&quot;:null},&quot;visible&quot;:true,&quot;active&quot;:true,&quot;userDisabled&quot;:false,&quot;appDisabled&quot;:false,&quot;descriptor&quot;:&quot;C:\\Users\\shashi\\AppData\\Local\\Temp\\rust_mozprofile.XQ0Dx3rCcfei\\extensions\\ciscowebexstart1@cisco.com.xpi&quot;,&quot;installDate&quot;:1522799739414,&quot;updateDate&quot;:1523323589544,&quot;applyBackgroundUpdates&quot;:1,&quot;bootstrap&quot;:true,&quot;skinnable&quot;:false,&quot;size&quot;:59008,&quot;sourceURI&quot;:null,&quot;releaseNotesURI&quot;:null,&quot;softDisabled&quot;:false,&quot;foreignInstall&quot;:false,&quot;hasBinaryComponents&quot;:false,&quot;strictCompatibility&quot;:true,&quot;locales&quot;:[{&quot;name&quot;:&quot;Cisco WebEx Extension&quot;,&quot;description&quot;:&quot;Join WebEx meetings using Firefox â„¢&quot;,&quot;creator&quot;:null,&quot;homepageURL&quot;:&quot;https://www.webex.com/&quot;,&quot;developers&quot;:null,&quot;translators&quot;:null,&quot;contributors&quot;:null,&quot;locales&quot;:[&quot;en&quot;]},{&quot;name&quot;:&quot;Cisco WebEx Extension&quot;,&quot;description&quot;:&quot;Firefox â„¢ ã�‹ã‚‰WebExãƒŸãƒ¼ãƒ†ã‚£ãƒ³ã‚°ã�«å�‚åŠ ã�—ã�¦ã��ã� ã�•ã�„&quot;,&quot;creator&quot;:null,&quot;homepageURL&quot;:&quot;https://www.webex.com/&quot;,&quot;developers&quot;:null,&quot;translators&quot;:null,&quot;contributors&quot;:null,&quot;locales&quot;:[&quot;ja&quot;]},{&quot;name&quot;:&quot;Cisco WebEx Extension&quot;,&quot;description&quot;:&quot;Rejoignez les rÃ©unions WebEx avec Firefox â„¢&quot;,&quot;creator&quot;:null,&quot;homepageURL&quot;:&quot;https://www.webex.com/&quot;,&quot;developers&quot;:null,&quot;translators&quot;:null,&quot;contributors&quot;:null,&quot;locales&quot;:[&quot;fr&quot;]},{&quot;name&quot;:&quot;Cisco WebEx Extension&quot;,&quot;description&quot;:&quot;Delta i WebEx-mÃ¶ten med Firefox â„¢&quot;,&quot;creator&quot;:null,&quot;homepageURL&quot;:&quot;https://www.webex.com/&quot;,&quot;developers&quot;:null,&quot;translators&quot;:null,&quot;contributors&quot;:null,&quot;locales&quot;:[&quot;sv&quot;]},{&quot;name&quot;:&quot;Cisco WebEx Extension&quot;,&quot;description&quot;:&quot;Firefox â„¢ ì�„ ì‚¬ìš©í•˜ì—¬ WebEx ë¯¸íŒ… ì°¸ì—¬&quot;,&quot;creator&quot;:null,&quot;homepageURL&quot;:&quot;https://www.webex.com/&quot;,&quot;developers&quot;:null,&quot;translators&quot;:null,&quot;contributors&quot;:null,&quot;locales&quot;:[&quot;ko&quot;]},{&quot;name&quot;:&quot;Cisco WebEx Extension&quot;,&quot;description&quot;:&quot;Partecipa alle riunioni WebEx con Firefox â„¢&quot;,&quot;creator&quot;:null,&quot;homepageURL&quot;:&quot;https://www.webex.com/&quot;,&quot;developers&quot;:null,&quot;translators&quot;:null,&quot;contributors&quot;:null,&quot;locales&quot;:[&quot;it&quot;]},{&quot;name&quot;:&quot;Cisco WebEx Extension&quot;,&quot;description&quot;:&quot;Entre a WebEx Meetings utilizando Firefox â„¢&quot;,&quot;creator&quot;:null,&quot;homepageURL&quot;:&quot;https://www.webex.com/&quot;,&quot;developers&quot;:null,&quot;translators&quot;:null,&quot;contributors&quot;:null,&quot;locales&quot;:[&quot;es-419&quot;]},{&quot;name&quot;:&quot;Cisco WebEx Extension&quot;,&quot;description&quot;:&quot;WebEx-Meetings mit Firefox â„¢&quot;,&quot;creator&quot;:null,&quot;homepageURL&quot;:&quot;https://www.webex.com/&quot;,&quot;developers&quot;:null,&quot;translators&quot;:null,&quot;contributors&quot;:null,&quot;locales&quot;:[&quot;de&quot;]},{&quot;name&quot;:&quot;Cisco WebEx Extension&quot;,&quot;description&quot;:&quot;é€šè¿‡ Firefox â„¢ åŠ å…¥ WebEx ä¼šè®®&quot;,&quot;creator&quot;:null,&quot;homepageURL&quot;:&quot;https://www.webex.com/&quot;,&quot;developers&quot;:null,&quot;translators&quot;:null,&quot;contributors&quot;:null,&quot;locales&quot;:[&quot;zh-CN&quot;]},{&quot;name&quot;:&quot;Cisco WebEx Extension&quot;,&quot;description&quot;:&quot;ÐŸÑ€Ð¸Ñ�Ð¾ÐµÐ´Ð¸Ð½ÐµÐ½Ð¸Ðµ Ðº Ñ�Ð¾Ð²ÐµÑ‰Ð°Ð½Ð¸Ñ�Ð¼ WebEx Ñ� Ð¿Ð¾Ð¼Ð¾Ñ‰ÑŒÑŽ Firefox â„¢&quot;,&quot;creator&quot;:null,&quot;homepageURL&quot;:&quot;https://www.webex.com/&quot;,&quot;developers&quot;:null,&quot;translators&quot;:null,&quot;contributors&quot;:null,&quot;locales&quot;:[&quot;ru&quot;]},{&quot;name&quot;:&quot;Cisco WebEx Extension&quot;,&quot;description&quot;:&quot;Ãšnase a las reuniones de WebEx usando Firefox â„¢&quot;,&quot;creator&quot;:null,&quot;homepageURL&quot;:&quot;https://www.webex.com/&quot;,&quot;developers&quot;:null,&quot;translators&quot;:null,&quot;contributors&quot;:null,&quot;locales&quot;:[&quot;es&quot;]},{&quot;name&quot;:&quot;Cisco WebEx Extension&quot;,&quot;description&quot;:&quot;Participe de reuniÃµes WebEx utilizando o Firefox â„¢&quot;,&quot;creator&quot;:null,&quot;homepageURL&quot;:&quot;https://www.webex.com/&quot;,&quot;developers&quot;:null,&quot;translators&quot;:null,&quot;contributors&quot;:null,&quot;locales&quot;:[&quot;pt-BR&quot;]},{&quot;name&quot;:&quot;Cisco WebEx Extension&quot;,&quot;description&quot;:&quot;ä½¿ç”¨ Firefox â„¢ åŠ å…¥ WebEx æœƒè­°&quot;,&quot;creator&quot;:null,&quot;homepageURL&quot;:&quot;https://www.webex.com/&quot;,&quot;developers&quot;:null,&quot;translators&quot;:null,&quot;contributors&quot;:null,&quot;locales&quot;:[&quot;zh-TW&quot;]},{&quot;name&quot;:&quot;Cisco WebEx Extension&quot;,&quot;description&quot;:&quot;Neem deel aan WebEx-vergaderingen met gebruik van Firefox â„¢&quot;,&quot;creator&quot;:null,&quot;homepageURL&quot;:&quot;https://www.webex.com/&quot;,&quot;developers&quot;:null,&quot;translators&quot;:null,&quot;contributors&quot;:null,&quot;locales&quot;:[&quot;nl&quot;]}],&quot;targetApplications&quot;:[{&quot;id&quot;:&quot;toolkit@mozilla.org&quot;,&quot;minVersion&quot;:&quot;50.0&quot;,&quot;maxVersion&quot;:null}],&quot;targetPlatforms&quot;:[],&quot;multiprocessCompatible&quot;:true,&quot;signedState&quot;:2,&quot;seen&quot;:true,&quot;dependencies&quot;:[],&quot;hasEmbeddedWebExtension&quot;:false,&quot;userPermissions&quot;:{&quot;hosts&quot;:[&quot;*://*.webex.com/*&quot;,&quot;*://*.qa.webex.com/*&quot;,&quot;*://*.webex.com.cn/*&quot;,&quot;https://*/*/cwcsf-nativemsg-iframe-43c85c0d-d633-af5e-c056-32dc7efc570b.html&quot;,&quot;https://*/cwcsf-nativemsg-iframe-43c85c0d-d633-af5e-c056-32dc7efc570b.html&quot;],&quot;apis&quot;:[],&quot;permissions&quot;:[&quot;nativeMessaging&quot;]}}
1523323591069	addons.xpi	DEBUG	Updating XPIState for {&quot;id&quot;:&quot;aushelper@mozilla.org&quot;,&quot;syncGUID&quot;:&quot;{36d13ba3-a13e-4566-9976-60e7e388f548}&quot;,&quot;location&quot;:&quot;app-system-defaults&quot;,&quot;version&quot;:&quot;2.0&quot;,&quot;type&quot;:&quot;extension&quot;,&quot;internalName&quot;:null,&quot;updateURL&quot;:null,&quot;updateKey&quot;:null,&quot;optionsURL&quot;:null,&quot;optionsType&quot;:null,&quot;aboutURL&quot;:null,&quot;icons&quot;:{},&quot;iconURL&quot;:null,&quot;icon64URL&quot;:null,&quot;defaultLocale&quot;:{&quot;name&quot;:&quot;Application Update Service Helper&quot;,&quot;description&quot;:&quot;Sets value(s) in the update url based on custom checks.&quot;,&quot;creator&quot;:null,&quot;homepageURL&quot;:null},&quot;visible&quot;:true,&quot;active&quot;:true,&quot;userDisabled&quot;:false,&quot;appDisabled&quot;:false,&quot;descriptor&quot;:&quot;C:\\Program Files\\Mozilla Firefox\\browser\\features\\aushelper@mozilla.org.xpi&quot;,&quot;installDate&quot;:1496950078000,&quot;updateDate&quot;:1496950078000,&quot;applyBackgroundUpdates&quot;:1,&quot;bootstrap&quot;:true,&quot;skinnable&quot;:false,&quot;size&quot;:8486,&quot;sourceURI&quot;:null,&quot;releaseNotesURI&quot;:null,&quot;softDisabled&quot;:false,&quot;foreignInstall&quot;:false,&quot;hasBinaryComponents&quot;:false,&quot;strictCompatibility&quot;:false,&quot;locales&quot;:[],&quot;targetApplications&quot;:[{&quot;id&quot;:&quot;{ec8030f7-c20a-464f-9b0e-13a3a9e97384}&quot;,&quot;minVersion&quot;:&quot;54.0&quot;,&quot;maxVersion&quot;:&quot;54.*&quot;}],&quot;targetPlatforms&quot;:[],&quot;multiprocessCompatible&quot;:true,&quot;seen&quot;:true,&quot;dependencies&quot;:[],&quot;hasEmbeddedWebExtension&quot;:false,&quot;mpcOptedOut&quot;:false,&quot;userPermissions&quot;:null}
1523323591070	addons.xpi	DEBUG	Updating XPIState for {&quot;id&quot;:&quot;e10srollout@mozilla.org&quot;,&quot;syncGUID&quot;:&quot;{09d26049-5d57-4a6c-a641-0db91565717e}&quot;,&quot;location&quot;:&quot;app-system-defaults&quot;,&quot;version&quot;:&quot;1.50&quot;,&quot;type&quot;:&quot;extension&quot;,&quot;internalName&quot;:null,&quot;updateURL&quot;:null,&quot;updateKey&quot;:null,&quot;optionsURL&quot;:null,&quot;optionsType&quot;:null,&quot;aboutURL&quot;:null,&quot;icons&quot;:{},&quot;iconURL&quot;:null,&quot;icon64URL&quot;:null,&quot;defaultLocale&quot;:{&quot;name&quot;:&quot;Multi-process staged rollout&quot;,&quot;description&quot;:&quot;Staged rollout of Firefox multi-process feature.&quot;,&quot;creator&quot;:null,&quot;homepageURL&quot;:null},&quot;visible&quot;:true,&quot;active&quot;:true,&quot;userDisabled&quot;:false,&quot;appDisabled&quot;:false,&quot;descriptor&quot;:&quot;C:\\Program Files\\Mozilla Firefox\\browser\\features\\e10srollout@mozilla.org.xpi&quot;,&quot;installDate&quot;:1496950078000,&quot;updateDate&quot;:1496950078000,&quot;applyBackgroundUpdates&quot;:1,&quot;bootstrap&quot;:true,&quot;skinnable&quot;:false,&quot;size&quot;:12517,&quot;sourceURI&quot;:null,&quot;releaseNotesURI&quot;:null,&quot;softDisabled&quot;:false,&quot;foreignInstall&quot;:false,&quot;hasBinaryComponents&quot;:false,&quot;strictCompatibility&quot;:false,&quot;locales&quot;:[],&quot;targetApplications&quot;:[{&quot;id&quot;:&quot;{ec8030f7-c20a-464f-9b0e-13a3a9e97384}&quot;,&quot;minVersion&quot;:&quot;54.0&quot;,&quot;maxVersion&quot;:&quot;54.*&quot;}],&quot;targetPlatforms&quot;:[],&quot;multiprocessCompatible&quot;:true,&quot;seen&quot;:true,&quot;dependencies&quot;:[],&quot;hasEmbeddedWebExtension&quot;:false,&quot;mpcOptedOut&quot;:false,&quot;userPermissions&quot;:null}
1523323591070	addons.xpi	DEBUG	Updating XPIState for {&quot;id&quot;:&quot;firefox@getpocket.com&quot;,&quot;syncGUID&quot;:&quot;{f3100cf8-e04e-4160-b3d0-c9b9731575ad}&quot;,&quot;location&quot;:&quot;app-system-defaults&quot;,&quot;version&quot;:&quot;1.0.5&quot;,&quot;type&quot;:&quot;extension&quot;,&quot;internalName&quot;:null,&quot;updateURL&quot;:null,&quot;updateKey&quot;:null,&quot;optionsURL&quot;:null,&quot;optionsType&quot;:null,&quot;aboutURL&quot;:null,&quot;icons&quot;:{},&quot;iconURL&quot;:null,&quot;icon64URL&quot;:null,&quot;defaultLocale&quot;:{&quot;name&quot;:&quot;Pocket&quot;,&quot;description&quot;:&quot;When you find something you want to view later, put it in Pocket.&quot;,&quot;creator&quot;:null,&quot;homepageURL&quot;:null},&quot;visible&quot;:true,&quot;active&quot;:true,&quot;userDisabled&quot;:false,&quot;appDisabled&quot;:false,&quot;descriptor&quot;:&quot;C:\\Program Files\\Mozilla Firefox\\browser\\features\\firefox@getpocket.com.xpi&quot;,&quot;installDate&quot;:1496950079000,&quot;updateDate&quot;:1496950079000,&quot;applyBackgroundUpdates&quot;:1,&quot;bootstrap&quot;:true,&quot;skinnable&quot;:false,&quot;size&quot;:913904,&quot;sourceURI&quot;:null,&quot;releaseNotesURI&quot;:null,&quot;softDisabled&quot;:false,&quot;foreignInstall&quot;:false,&quot;hasBinaryComponents&quot;:false,&quot;strictCompatibility&quot;:false,&quot;locales&quot;:[],&quot;targetApplications&quot;:[{&quot;id&quot;:&quot;{ec8030f7-c20a-464f-9b0e-13a3a9e97384}&quot;,&quot;minVersion&quot;:&quot;54.0&quot;,&quot;maxVersion&quot;:&quot;54.*&quot;}],&quot;targetPlatforms&quot;:[],&quot;multiprocessCompatible&quot;:true,&quot;seen&quot;:true,&quot;dependencies&quot;:[],&quot;hasEmbeddedWebExtension&quot;:false,&quot;mpcOptedOut&quot;:false,&quot;userPermissions&quot;:null}
1523323591071	addons.xpi	DEBUG	Updating XPIState for {&quot;id&quot;:&quot;screenshots@mozilla.org&quot;,&quot;syncGUID&quot;:&quot;{31da47ca-bfb3-47b8-8d18-2d96b976f7f4}&quot;,&quot;location&quot;:&quot;app-system-defaults&quot;,&quot;version&quot;:&quot;6.6.0&quot;,&quot;type&quot;:&quot;extension&quot;,&quot;internalName&quot;:null,&quot;updateURL&quot;:null,&quot;updateKey&quot;:null,&quot;optionsURL&quot;:null,&quot;optionsType&quot;:null,&quot;aboutURL&quot;:null,&quot;icons&quot;:{},&quot;iconURL&quot;:null,&quot;icon64URL&quot;:null,&quot;defaultLocale&quot;:{&quot;name&quot;:&quot;Firefox Screenshots&quot;,&quot;description&quot;:null,&quot;creator&quot;:null,&quot;homepageURL&quot;:&quot;https://pageshot.net/&quot;},&quot;visible&quot;:true,&quot;active&quot;:true,&quot;userDisabled&quot;:false,&quot;appDisabled&quot;:false,&quot;descriptor&quot;:&quot;C:\\Program Files\\Mozilla Firefox\\browser\\features\\screenshots@mozilla.org.xpi&quot;,&quot;installDate&quot;:1496950079000,&quot;updateDate&quot;:1496950079000,&quot;applyBackgroundUpdates&quot;:1,&quot;bootstrap&quot;:true,&quot;skinnable&quot;:false,&quot;size&quot;:716271,&quot;sourceURI&quot;:null,&quot;releaseNotesURI&quot;:null,&quot;softDisabled&quot;:false,&quot;foreignInstall&quot;:false,&quot;hasBinaryComponents&quot;:false,&quot;strictCompatibility&quot;:false,&quot;locales&quot;:[],&quot;targetApplications&quot;:[{&quot;id&quot;:&quot;{ec8030f7-c20a-464f-9b0e-13a3a9e97384}&quot;,&quot;minVersion&quot;:&quot;51.0a1&quot;,&quot;maxVersion&quot;:&quot;*&quot;}],&quot;targetPlatforms&quot;:[],&quot;multiprocessCompatible&quot;:true,&quot;seen&quot;:true,&quot;dependencies&quot;:[],&quot;hasEmbeddedWebExtension&quot;:false,&quot;mpcOptedOut&quot;:false,&quot;userPermissions&quot;:null}
1523323591105	addons.xpi	DEBUG	Updating XPIState for {&quot;id&quot;:&quot;webcompat@mozilla.org&quot;,&quot;syncGUID&quot;:&quot;{2f2ebb2f-1e68-4f58-aa8a-a96d4ac9632d}&quot;,&quot;location&quot;:&quot;app-system-defaults&quot;,&quot;version&quot;:&quot;1.1&quot;,&quot;type&quot;:&quot;extension&quot;,&quot;internalName&quot;:null,&quot;updateURL&quot;:null,&quot;updateKey&quot;:null,&quot;optionsURL&quot;:null,&quot;optionsType&quot;:null,&quot;aboutURL&quot;:null,&quot;icons&quot;:{},&quot;iconURL&quot;:null,&quot;icon64URL&quot;:null,&quot;defaultLocale&quot;:{&quot;name&quot;:&quot;Web Compat&quot;,&quot;description&quot;:&quot;Urgent post-release fixes for web compatibility.&quot;,&quot;creator&quot;:null,&quot;homepageURL&quot;:null},&quot;visible&quot;:true,&quot;active&quot;:true,&quot;userDisabled&quot;:false,&quot;appDisabled&quot;:false,&quot;descriptor&quot;:&quot;C:\\Program Files\\Mozilla Firefox\\browser\\features\\webcompat@mozilla.org.xpi&quot;,&quot;installDate&quot;:1496950078000,&quot;updateDate&quot;:1496950078000,&quot;applyBackgroundUpdates&quot;:1,&quot;bootstrap&quot;:true,&quot;skinnable&quot;:false,&quot;size&quot;:9004,&quot;sourceURI&quot;:null,&quot;releaseNotesURI&quot;:null,&quot;softDisabled&quot;:false,&quot;foreignInstall&quot;:false,&quot;hasBinaryComponents&quot;:false,&quot;strictCompatibility&quot;:false,&quot;locales&quot;:[],&quot;targetApplications&quot;:[{&quot;id&quot;:&quot;{ec8030f7-c20a-464f-9b0e-13a3a9e97384}&quot;,&quot;minVersion&quot;:&quot;54.0&quot;,&quot;maxVersion&quot;:&quot;54.*&quot;}],&quot;targetPlatforms&quot;:[],&quot;multiprocessCompatible&quot;:true,&quot;seen&quot;:true,&quot;dependencies&quot;:[],&quot;hasEmbeddedWebExtension&quot;:false,&quot;mpcOptedOut&quot;:false,&quot;userPermissions&quot;:null}
1523323591106	addons.xpi	DEBUG	Updating XPIState for {&quot;id&quot;:&quot;{972ce4c6-7e08-4474-a285-3208198ce6fd}&quot;,&quot;syncGUID&quot;:&quot;{86b2afdd-2c14-4cb5-83cf-9fbcaa7a435d}&quot;,&quot;location&quot;:&quot;app-global&quot;,&quot;version&quot;:&quot;54.0&quot;,&quot;type&quot;:&quot;theme&quot;,&quot;internalName&quot;:&quot;classic/1.0&quot;,&quot;updateURL&quot;:null,&quot;updateKey&quot;:null,&quot;optionsURL&quot;:null,&quot;optionsType&quot;:null,&quot;aboutURL&quot;:null,&quot;icons&quot;:{},&quot;iconURL&quot;:&quot;chrome://browser/content/default-theme-icon.svg&quot;,&quot;icon64URL&quot;:null,&quot;defaultLocale&quot;:{&quot;name&quot;:&quot;Default&quot;,&quot;description&quot;:&quot;The default theme.&quot;,&quot;creator&quot;:&quot;Mozilla&quot;,&quot;homepageURL&quot;:null,&quot;contributors&quot;:[&quot;Mozilla Contributors&quot;]},&quot;visible&quot;:true,&quot;active&quot;:true,&quot;userDisabled&quot;:false,&quot;appDisabled&quot;:false,&quot;descriptor&quot;:&quot;C:\\Program Files\\Mozilla Firefox\\browser\\extensions\\{972ce4c6-7e08-4474-a285-3208198ce6fd}.xpi&quot;,&quot;installDate&quot;:1496950078000,&quot;updateDate&quot;:1496950078000,&quot;applyBackgroundUpdates&quot;:1,&quot;skinnable&quot;:true,&quot;size&quot;:8201,&quot;sourceURI&quot;:null,&quot;releaseNotesURI&quot;:null,&quot;softDisabled&quot;:false,&quot;foreignInstall&quot;:false,&quot;hasBinaryComponents&quot;:false,&quot;strictCompatibility&quot;:true,&quot;locales&quot;:[],&quot;targetApplications&quot;:[{&quot;id&quot;:&quot;{ec8030f7-c20a-464f-9b0e-13a3a9e97384}&quot;,&quot;minVersion&quot;:&quot;54.0&quot;,&quot;maxVersion&quot;:&quot;54.0&quot;}],&quot;targetPlatforms&quot;:[],&quot;seen&quot;:true,&quot;dependencies&quot;:[],&quot;hasEmbeddedWebExtension&quot;:false,&quot;userPermissions&quot;:null}
1523323591107	DeferredSave.extensions.json	DEBUG	Save changes
1523323591107	addons.xpi	DEBUG	Updating database with changes to installed add-ons
1523323591107	addons.xpi-utils	DEBUG	Updating add-on states
1523323591112	addons.xpi-utils	DEBUG	Writing add-ons list
1523323591120	addons.xpi	DEBUG	Registering manifest for C:\Program Files\Mozilla Firefox\browser\features\aushelper@mozilla.org.xpi
1523323591121	addons.xpi	DEBUG	Loading bootstrap scope from C:\Program Files\Mozilla Firefox\browser\features\aushelper@mozilla.org.xpi
1523323591126	addons.xpi	DEBUG	Calling bootstrap method startup on aushelper@mozilla.org version 2.0
1523323591128	addons.xpi	DEBUG	Calling bootstrap method startup on ciscowebexstart1@cisco.com version 1.0.13
1523323591134	addons.xpi	DEBUG	Registering manifest for C:\Program Files\Mozilla Firefox\browser\features\e10srollout@mozilla.org.xpi
1523323591135	addons.xpi	DEBUG	Loading bootstrap scope from C:\Program Files\Mozilla Firefox\browser\features\e10srollout@mozilla.org.xpi
1523323591141	addons.xpi	DEBUG	Calling bootstrap method startup on e10srollout@mozilla.org version 1.50
1523323591143	addons.xpi	DEBUG	Registering manifest for C:\Program Files\Mozilla Firefox\browser\features\firefox@getpocket.com.xpi
1523323591144	addons.xpi	DEBUG	Loading bootstrap scope from C:\Program Files\Mozilla Firefox\browser\features\firefox@getpocket.com.xpi
1523323591153	addons.xpi	DEBUG	Calling bootstrap method startup on firefox@getpocket.com version 1.0.5
1523323591155	addons.xpi	DEBUG	Registering manifest for C:\Program Files\Mozilla Firefox\browser\features\screenshots@mozilla.org.xpi
1523323591156	addons.xpi	DEBUG	Loading bootstrap scope from C:\Program Files\Mozilla Firefox\browser\features\screenshots@mozilla.org.xpi
1523323591173	addons.xpi	DEBUG	Calling bootstrap method startup on screenshots@mozilla.org version 6.6.0
1523323591173	addons.xpi	DEBUG	Registering manifest for C:\Program Files\Mozilla Firefox\browser\features\webcompat@mozilla.org.xpi
1523323591174	addons.xpi	DEBUG	Loading bootstrap scope from C:\Program Files\Mozilla Firefox\browser\features\webcompat@mozilla.org.xpi
1523323591178	addons.xpi	DEBUG	Calling bootstrap method startup on webcompat@mozilla.org version 1.1
1523323591213	addons.manager	DEBUG	Registering shutdown blocker for XPIProvider
1523323591214	addons.manager	DEBUG	Provider finished startup: XPIProvider
1523323591214	addons.manager	DEBUG	Starting provider: LightweightThemeManager
1523323591215	addons.manager	DEBUG	Registering shutdown blocker for LightweightThemeManager
1523323591215	addons.manager	DEBUG	Provider finished startup: LightweightThemeManager
1523323591216	addons.manager	DEBUG	Starting provider: GMPProvider
1523323591245	addons.manager	DEBUG	Registering shutdown blocker for GMPProvider
1523323591245	addons.manager	DEBUG	Provider finished startup: GMPProvider
1523323591245	addons.manager	DEBUG	Starting provider: PluginProvider
1523323591246	addons.manager	DEBUG	Registering shutdown blocker for PluginProvider
1523323591246	addons.manager	DEBUG	Provider finished startup: PluginProvider
1523323591247	addons.manager	DEBUG	Completed startup sequence
1523323591652	DeferredSave.extensions.json	DEBUG	Starting timer
1523323591671	addons.manager	DEBUG	Starting provider: &lt;unnamed-provider&gt;
1523323591671	addons.manager	DEBUG	Registering shutdown blocker for &lt;unnamed-provider&gt;
1523323591674	addons.manager	DEBUG	Provider finished startup: &lt;unnamed-provider&gt;
1523323591719	addons.manager	DEBUG	Starting provider: PreviousExperimentProvider
1523323591720	addons.manager	DEBUG	Registering shutdown blocker for PreviousExperimentProvider
1523323591721	addons.manager	DEBUG	Provider finished startup: PreviousExperimentProvider
1523323591781	DeferredSave.extensions.json	DEBUG	Starting write
1523323591998	addons.manager	DEBUG	Registering upgrade listener for ciscowebexstart1@cisco.com
1523323592069	DeferredSave.extensions.json	DEBUG	Write succeeded
1523323592070	addons.xpi-utils	DEBUG	XPI Database saved, setting schema version preference to 19
1523323593120	Marionette	INFO	Listening on port 50144
1523323593394	Marionette	WARN	TLS certificate errors will be ignored for this session
1523323593664	Marionette	DEBUG	loaded listener.js
Apr 09, 2018 8:26:33 PM org.openqa.selenium.remote.ProtocolHandshake createSession
INFO: Detected dialect: W3C
1523323593808	Marionette	DEBUG	Received DOM event &quot;beforeunload&quot; for &quot;about:blank&quot;
1523323594177	Marionette	DEBUG	Received DOM event &quot;pagehide&quot; for &quot;about:blank&quot;
1523323594178	Marionette	DEBUG	Received DOM event &quot;unload&quot; for &quot;about:blank&quot;
JavaScript error: https://www.autotrader.com/sell-my-car/ad/vehicle-details.xhtml?zip=60173&amp;packageId=115908&amp;offeringCode=SYC, line 50: SyntaxError: expected expression, got &apos;&lt;&apos;
1523323595967	Marionette	DEBUG	Received observer notification &quot;outer-window-destroyed&quot; for &quot;2147483653&quot;
1523323596596	Marionette	DEBUG	Received DOM event &quot;DOMContentLoaded&quot; for &quot;https://www.autotrader.com/sell-my-car/ad/vehicle-details.xhtml?zip=60173&amp;packageId=115908&amp;offeringCode=SYC&quot;
1523323596645	Marionette	DEBUG	Received observer notification &quot;outer-window-destroyed&quot; for &quot;2147483657&quot;
1523323596645	Marionette	DEBUG	Received observer notification &quot;outer-window-destroyed&quot; for &quot;2147483658&quot;
1523323596645	Marionette	DEBUG	Received observer notification &quot;outer-window-destroyed&quot; for &quot;2147483659&quot;
1523323596645	Marionette	DEBUG	Received observer notification &quot;outer-window-destroyed&quot; for &quot;2147483660&quot;
1523323596660	Marionette	DEBUG	Received observer notification &quot;outer-window-destroyed&quot; for &quot;2147483666&quot;
1523323596862	Marionette	DEBUG	Received DOM event &quot;DOMContentLoaded&quot; for &quot;https://cam.demdex.net/dest5.html?d_nsid=0#https%3A%2F%2Fwww.autotrader.com%2Fsell-my-car%2Fad%2Fvehicle-details.xhtml%3Fzip%3D60173%26packageId%3D115908%26offeringCode%3DSYC&quot;
1523323596875	Marionette	DEBUG	Received DOM event &quot;pageshow&quot; for &quot;https://cam.demdex.net/dest5.html?d_nsid=0#https%3A%2F%2Fwww.autotrader.com%2Fsell-my-car%2Fad%2Fvehicle-details.xhtml%3Fzip%3D60173%26packageId%3D115908%26offeringCode%3DSYC&quot;
1523323596916	Marionette	DEBUG	Received DOM event &quot;pageshow&quot; for &quot;https://www.autotrader.com/sell-my-car/ad/vehicle-details.xhtml?zip=60173&amp;packageId=115908&amp;offeringCode=SYC&quot;
1523323596997	Marionette	DEBUG	Received DOM event &quot;DOMContentLoaded&quot; for &quot;https://www.autotrader.com/sell-my-car/ad/vehicle-details.xhtml?zip=60173&amp;packageId=115908&amp;offeringCode=SYC&quot;
1523323597012	Marionette	DEBUG	Received DOM event &quot;DOMContentLoaded&quot; for &quot;https://www.autotrader.com/sell-my-car/ad/vehicle-details.xhtml?zip=60173&amp;packageId=115908&amp;offeringCode=SYC&quot;
1523323597015	Marionette	DEBUG	Received DOM event &quot;pageshow&quot; for &quot;https://www.autotrader.com/sell-my-car/ad/vehicle-details.xhtml?zip=60173&amp;packageId=115908&amp;offeringCode=SYC&quot;
1523323597017	Marionette	DEBUG	Received DOM event &quot;DOMContentLoaded&quot; for &quot;https://www.autotrader.com/sell-my-car/ad/vehicle-details.xhtml?zip=60173&amp;packageId=115908&amp;offeringCode=SYC&quot;
1523323597019	Marionette	DEBUG	Received DOM event &quot;pageshow&quot; for &quot;https://www.autotrader.com/sell-my-car/ad/vehicle-details.xhtml?zip=60173&amp;packageId=115908&amp;offeringCode=SYC&quot;
1523323597022	Marionette	DEBUG	Received DOM event &quot;DOMContentLoaded&quot; for &quot;https://www.autotrader.com/sell-my-car/ad/vehicle-details.xhtml?zip=60173&amp;packageId=115908&amp;offeringCode=SYC&quot;
1523323597028	Marionette	DEBUG	Received DOM event &quot;pageshow&quot; for &quot;https://www.autotrader.com/sell-my-car/ad/vehicle-details.xhtml?zip=60173&amp;packageId=115908&amp;offeringCode=SYC&quot;
1523323597052	Marionette	DEBUG	Received DOM event &quot;DOMContentLoaded&quot; for &quot;https://3003809.fls.doubleclick.net/activityi;src=3003809;type=globa034;cat=unive0;ord=juZhX2V3jOsgtdlBuM_lmXUGJOMQW6sPViWPAkXX?&quot;
1523323597056	Marionette	DEBUG	Received DOM event &quot;pageshow&quot; for &quot;https://3003809.fls.doubleclick.net/activityi;src=3003809;type=globa034;cat=unive0;ord=juZhX2V3jOsgtdlBuM_lmXUGJOMQW6sPViWPAkXX?&quot;
1523323597433	Marionette	DEBUG	Received DOM event &quot;pageshow&quot; for &quot;https://www.autotrader.com/sell-my-car/ad/vehicle-details.xhtml?zip=60173&amp;packageId=115908&amp;offeringCode=SYC&quot;
1523323597577	Marionette	DEBUG	Received observer notification &quot;outer-window-destroyed&quot; for &quot;2147483674&quot;
1523323597701	Marionette	DEBUG	Received DOM event &quot;DOMContentLoaded&quot; for &quot;https://www.autotrader.com/sell-my-car/ad/vehicle-details.xhtml?zip=60173&amp;packageId=115908&amp;offeringCode=SYC&quot;
1523323597703	Marionette	DEBUG	Received DOM event &quot;DOMContentLoaded&quot; for &quot;https://www.autotrader.com/sell-my-car/ad/vehicle-details.xhtml?zip=60173&amp;packageId=115908&amp;offeringCode=SYC&quot;
1523323597706	Marionette	DEBUG	Received DOM event &quot;pageshow&quot; for &quot;https://www.autotrader.com/sell-my-car/ad/vehicle-details.xhtml?zip=60173&amp;packageId=115908&amp;offeringCode=SYC&quot;
1523323597714	Marionette	DEBUG	Received DOM event &quot;pageshow&quot; for &quot;https://www.autotrader.com/sell-my-car/ad/vehicle-details.xhtml?zip=60173&amp;packageId=115908&amp;offeringCode=SYC&quot;
1523323597827	Marionette	DEBUG	Received DOM event &quot;DOMContentLoaded&quot; for &quot;https://gateway.foresee.com/code/19.3.3-v.2/fs.frame.html?d=www.autotrader.com&amp;_cv_=19.3.3-v.2&amp;_vt_=w7xrhuh&amp;uid=52c62d85e8f3551702ec0b886d9c1e5a&quot;
1523323597831	Marionette	DEBUG	Received DOM event &quot;pageshow&quot; for &quot;https://gateway.foresee.com/code/19.3.3-v.2/fs.frame.html?d=www.autotrader.com&amp;_cv_=19.3.3-v.2&amp;_vt_=w7xrhuh&amp;uid=52c62d85e8f3551702ec0b886d9c1e5a&quot;
1523323597934	Marionette	DEBUG	Received DOM event &quot;pageshow&quot; for &quot;https://www.autotrader.com/sell-my-car/ad/vehicle-details.xhtml?zip=60173&amp;packageId=115908&amp;offeringCode=SYC&quot;
</system-err>
  </testcase>
</testsuite>