<?xml version="1.0" encoding="UTF-8"?>
<!-- Generated by org.testng.reporters.JUnitReportReporter -->
<testsuite hostname="HARE-KRISHNA" name="test.com.AutoTest" tests="3" failures="0" timestamp="10 Apr 2018 18:14:00 GMT" time="57.679" errors="0">
  <testcase name="fillForm" time="57.669" classname="test.com.AutoTest"/>
  <testcase name="testadd" time="0.007" classname="test.com.AutoTest"/>
  <testcase name="testmul" time="0.003" classname="test.com.AutoTest"/>
</testsuite> <!-- test.com.AutoTest -->
